{
"contracts\\NonprofitDonation.sol":{"l":{"19":13,"20":1,"23":12,"29":6,"30":1,"33":5,"38":3,"44":1,"49":2,"54":1,"61":3,"62":1,"65":2,"66":2,"68":2,"73":0,"77":4,"78":1,"81":3,"82":0,"85":3,"86":3,"87":0,"90":3},"path":"D:\\WORK\\GitRepos\\PERSONAL\\Give-A-Wonderful-Day\\contracts\\NonprofitDonation.sol","s":{"1":13,"2":1,"3":6,"4":1,"5":5,"6":3,"7":1,"8":2,"9":1,"10":3,"11":1,"12":2,"13":2,"14":0,"15":4,"16":1,"17":3,"18":0,"19":3,"20":3,"21":0,"22":3},"b":{"1":[1,12],"2":[6,1],"3":[1,5],"4":[4,1],"5":[3,1],"6":[1,0],"7":[1,0],"8":[2,1],"9":[1,0],"10":[3,0],"11":[1,2],"12":[1,3],"13":[0,3],"14":[0,3]},"f":{"1":13,"2":6,"3":3,"4":1,"5":2,"6":1,"7":3,"8":0,"9":4},"fnMap":{"1":{"name":"constructor","line":18,"loc":{"start":{"line":18,"column":4},"end":{"line":24,"column":4}}},"2":{"name":"donate","line":28,"loc":{"start":{"line":28,"column":4},"end":{"line":34,"column":4}}},"3":{"name":"withdrawAll","line":37,"loc":{"start":{"line":37,"column":4},"end":{"line":39,"column":4}}},"4":{"name":"withdraw","line":43,"loc":{"start":{"line":43,"column":4},"end":{"line":45,"column":4}}},"5":{"name":"pause","line":48,"loc":{"start":{"line":48,"column":4},"end":{"line":50,"column":4}}},"6":{"name":"unpause","line":53,"loc":{"start":{"line":53,"column":4},"end":{"line":55,"column":4}}},"7":{"name":"setNonprofitWallet","line":60,"loc":{"start":{"line":60,"column":4},"end":{"line":69,"column":4}}},"8":{"name":"getBalance","line":72,"loc":{"start":{"line":72,"column":4},"end":{"line":74,"column":4}}},"9":{"name":"_withdraw","line":76,"loc":{"start":{"line":76,"column":4},"end":{"line":91,"column":4}}}},"statementMap":{"1":{"start":{"line":19,"column":8},"end":{"line":19,"column":1036}},"2":{"start":{"line":20,"column":12},"end":{"line":20,"column":35}},"3":{"start":{"line":29,"column":8},"end":{"line":29,"column":1390}},"4":{"start":{"line":30,"column":12},"end":{"line":30,"column":55}},"5":{"start":{"line":33,"column":8},"end":{"line":33,"column":78}},"6":{"start":{"line":38,"column":8},"end":{"line":38,"column":39}},"7":{"start":{"line":44,"column":8},"end":{"line":44,"column":24}},"8":{"start":{"line":49,"column":8},"end":{"line":49,"column":15}},"9":{"start":{"line":54,"column":8},"end":{"line":54,"column":17}},"10":{"start":{"line":61,"column":8},"end":{"line":61,"column":2540}},"11":{"start":{"line":62,"column":12},"end":{"line":62,"column":36}},"12":{"start":{"line":65,"column":8},"end":{"line":65,"column":48}},"13":{"start":{"line":68,"column":8},"end":{"line":68,"column":79}},"14":{"start":{"line":73,"column":8},"end":{"line":73,"column":36}},"15":{"start":{"line":77,"column":8},"end":{"line":77,"column":3006}},"16":{"start":{"line":78,"column":12},"end":{"line":78,"column":41}},"17":{"start":{"line":81,"column":8},"end":{"line":81,"column":3088}},"18":{"start":{"line":82,"column":12},"end":{"line":82,"column":41}},"19":{"start":{"line":85,"column":8},"end":{"line":85,"column":63}},"20":{"start":{"line":86,"column":8},"end":{"line":86,"column":3254}},"21":{"start":{"line":87,"column":12},"end":{"line":87,"column":38}},"22":{"start":{"line":90,"column":8},"end":{"line":90,"column":65}}},"branchMap":{"1":{"line":19,"type":"if","locations":[{"start":{"line":19,"column":8},"end":{"line":19,"column":8}},{"start":{"line":19,"column":8},"end":{"line":19,"column":8}}]},"2":{"line":28,"type":"if","locations":[{"start":{"line":28,"column":62},"end":{"line":28,"column":62}},{"start":{"line":28,"column":62},"end":{"line":28,"column":62}}]},"3":{"line":29,"type":"if","locations":[{"start":{"line":29,"column":8},"end":{"line":29,"column":8}},{"start":{"line":29,"column":8},"end":{"line":29,"column":8}}]},"4":{"line":37,"type":"if","locations":[{"start":{"line":37,"column":36},"end":{"line":37,"column":36}},{"start":{"line":37,"column":36},"end":{"line":37,"column":36}}]},"5":{"line":37,"type":"if","locations":[{"start":{"line":37,"column":46},"end":{"line":37,"column":46}},{"start":{"line":37,"column":46},"end":{"line":37,"column":46}}]},"6":{"line":43,"type":"if","locations":[{"start":{"line":43,"column":47},"end":{"line":43,"column":47}},{"start":{"line":43,"column":47},"end":{"line":43,"column":47}}]},"7":{"line":43,"type":"if","locations":[{"start":{"line":43,"column":57},"end":{"line":43,"column":57}},{"start":{"line":43,"column":57},"end":{"line":43,"column":57}}]},"8":{"line":48,"type":"if","locations":[{"start":{"line":48,"column":30},"end":{"line":48,"column":30}},{"start":{"line":48,"column":30},"end":{"line":48,"column":30}}]},"9":{"line":53,"type":"if","locations":[{"start":{"line":53,"column":32},"end":{"line":53,"column":32}},{"start":{"line":53,"column":32},"end":{"line":53,"column":32}}]},"10":{"line":60,"type":"if","locations":[{"start":{"line":60,"column":60},"end":{"line":60,"column":60}},{"start":{"line":60,"column":60},"end":{"line":60,"column":60}}]},"11":{"line":61,"type":"if","locations":[{"start":{"line":61,"column":8},"end":{"line":61,"column":8}},{"start":{"line":61,"column":8},"end":{"line":61,"column":8}}]},"12":{"line":77,"type":"if","locations":[{"start":{"line":77,"column":8},"end":{"line":77,"column":8}},{"start":{"line":77,"column":8},"end":{"line":77,"column":8}}]},"13":{"line":81,"type":"if","locations":[{"start":{"line":81,"column":8},"end":{"line":81,"column":8}},{"start":{"line":81,"column":8},"end":{"line":81,"column":8}}]},"14":{"line":86,"type":"if","locations":[{"start":{"line":86,"column":8},"end":{"line":86,"column":8}},{"start":{"line":86,"column":8},"end":{"line":86,"column":8}}]}}},
"contracts\\test\\ReentrantTreasury.sol":{"l":{"16":1,"20":1,"24":1,"28":1,"32":1,"33":1,"34":1,"35":1},"path":"D:\\WORK\\GitRepos\\PERSONAL\\Give-A-Wonderful-Day\\contracts\\test\\ReentrantTreasury.sol","s":{"1":1,"2":1},"b":{"1":[1,0]},"f":{"1":1,"2":1,"3":1,"4":1},"fnMap":{"1":{"name":"constructor","line":15,"loc":{"start":{"line":15,"column":4},"end":{"line":17,"column":4}}},"2":{"name":"setAttackEnabled","line":19,"loc":{"start":{"line":19,"column":4},"end":{"line":21,"column":4}}},"3":{"name":"acceptOwnership","line":23,"loc":{"start":{"line":23,"column":4},"end":{"line":25,"column":4}}},"4":{"name":"attackWithdrawAll","line":27,"loc":{"start":{"line":27,"column":4},"end":{"line":29,"column":4}}}},"statementMap":{"1":{"start":{"line":24,"column":8},"end":{"line":24,"column":31}},"2":{"start":{"line":28,"column":8},"end":{"line":28,"column":27}}},"branchMap":{"1":{"line":32,"type":"if","locations":[{"start":{"line":32,"column":8},"end":{"line":32,"column":8}},{"start":{"line":32,"column":8},"end":{"line":32,"column":8}}]}}}}
