TN:
SF:D:\WORK\GitRepos\PERSONAL\Give-A-Wonderful-Day\contracts\NonprofitDonation.sol
FN:18,constructor
FN:28,donate
FN:37,withdrawAll
FN:43,withdraw
FN:48,pause
FN:53,unpause
FN:60,setNonprofitWallet
FN:72,getBalance
FN:76,_withdraw
FNF:9
FNH:8
FNDA:13,constructor
FNDA:6,donate
FNDA:3,withdrawAll
FNDA:1,withdraw
FNDA:2,pause
FNDA:1,unpause
FNDA:3,setNonprofitWallet
FNDA:0,getBalance
FNDA:4,_withdraw
DA:19,13
DA:20,1
DA:23,12
DA:29,6
DA:30,1
DA:33,5
DA:38,3
DA:44,1
DA:49,2
DA:54,1
DA:61,3
DA:62,1
DA:65,2
DA:66,2
DA:68,2
DA:73,0
DA:77,4
DA:78,1
DA:81,3
DA:82,0
DA:85,3
DA:86,3
DA:87,0
DA:90,3
LF:24
LH:21
BRDA:19,1,0,1
BRDA:19,1,1,12
BRDA:28,2,0,6
BRDA:28,2,1,1
BRDA:29,3,0,1
BRDA:29,3,1,5
BRDA:37,4,0,4
BRDA:37,4,1,1
BRDA:37,5,0,3
BRDA:37,5,1,1
BRDA:43,6,0,1
BRDA:43,6,1,0
BRDA:43,7,0,1
BRDA:43,7,1,0
BRDA:48,8,0,2
BRDA:48,8,1,1
BRDA:53,9,0,1
BRDA:53,9,1,0
BRDA:60,10,0,3
BRDA:60,10,1,0
BRDA:61,11,0,1
BRDA:61,11,1,2
BRDA:77,12,0,1
BRDA:77,12,1,3
BRDA:81,13,0,0
BRDA:81,13,1,3
BRDA:86,14,0,0
BRDA:86,14,1,3
BRF:28
BRH:22
end_of_record
TN:
SF:D:\WORK\GitRepos\PERSONAL\Give-A-Wonderful-Day\contracts\test\ReentrantTreasury.sol
FN:15,constructor
FN:19,setAttackEnabled
FN:23,acceptOwnership
FN:27,attackWithdrawAll
FNF:4
FNH:4
FNDA:1,constructor
FNDA:1,setAttackEnabled
FNDA:1,acceptOwnership
FNDA:1,attackWithdrawAll
DA:16,1
DA:20,1
DA:24,1
DA:28,1
DA:32,1
DA:33,1
DA:34,1
DA:35,1
LF:8
LH:8
BRDA:32,1,0,1
BRDA:32,1,1,0
BRF:2
BRH:1
end_of_record
